2025-01-16 13:50:20 - PHP Warning:  fopen(C:\xampp2\htdocs\conductivex-oc/storage/cache/cache.catalog.language.1737039020): Failed to open stream: No such file or directory in C:\xampp2\htdocs\conductivex-oc\system\library\cache\file.php on line 49
2025-01-16 13:50:38 - PHP Warning:  fopen(C:\xampp2\htdocs\conductivex-oc/storage/cache/cache.store.1737039038): Failed to open stream: No such file or directory in C:\xampp2\htdocs\conductivex-oc\system\library\cache\file.php on line 49
2025-01-16 17:10:06 - PHP Notice:  Error: Could not load template common/header! in /Applications/XAMPP/xamppfiles/htdocs/conductivex-oc/storage/modification/system/library/template/twig.php on line 41
2025-01-16 17:10:31 - PHP Notice:  Error: Could not load template common/header! in /Applications/XAMPP/xamppfiles/htdocs/conductivex-oc/storage/modification/system/library/template/twig.php on line 41
2025-01-16 17:10:32 - PHP Notice:  Error: Could not load template common/header! in /Applications/XAMPP/xamppfiles/htdocs/conductivex-oc/storage/modification/system/library/template/twig.php on line 41
2025-01-16 17:10:32 - PHP Notice:  Error: Could not load template common/header! in /Applications/XAMPP/xamppfiles/htdocs/conductivex-oc/storage/modification/system/library/template/twig.php on line 41
2025-01-16 17:10:32 - PHP Notice:  Error: Could not load template common/header! in /Applications/XAMPP/xamppfiles/htdocs/conductivex-oc/storage/modification/system/library/template/twig.php on line 41
2025-01-16 17:10:32 - PHP Notice:  Error: Could not load template common/header! in /Applications/XAMPP/xamppfiles/htdocs/conductivex-oc/storage/modification/system/library/template/twig.php on line 41
2025-01-16 17:10:32 - PHP Notice:  Error: Could not load template common/header! in /Applications/XAMPP/xamppfiles/htdocs/conductivex-oc/storage/modification/system/library/template/twig.php on line 41
2025-01-16 17:10:33 - PHP Notice:  Error: Could not load template common/header! in /Applications/XAMPP/xamppfiles/htdocs/conductivex-oc/storage/modification/system/library/template/twig.php on line 41
2025-01-16 17:10:33 - PHP Notice:  Error: Could not load template common/header! in /Applications/XAMPP/xamppfiles/htdocs/conductivex-oc/storage/modification/system/library/template/twig.php on line 41
2025-01-16 17:11:15 - PHP Notice:  Error: Could not load template common/header! in /Applications/XAMPP/xamppfiles/htdocs/conductivex-oc/storage/modification/system/library/template/twig.php on line 41
2025-01-16 17:11:16 - PHP Notice:  Error: Could not load template common/header! in /Applications/XAMPP/xamppfiles/htdocs/conductivex-oc/storage/modification/system/library/template/twig.php on line 41
2025-01-16 17:11:39 - PHP Notice:  Error: Could not load template common/header! in /Applications/XAMPP/xamppfiles/htdocs/conductivex-oc/system/library/template/twig.php on line 37
2025-01-16 17:12:20 - PHP Notice:  Error: Could not load template common/header! in /Applications/XAMPP/xamppfiles/htdocs/conductivex-oc/system/library/template/twig.php on line 37
2025-01-16 17:12:21 - PHP Notice:  Error: Could not load template common/header! in /Applications/XAMPP/xamppfiles/htdocs/conductivex-oc/system/library/template/twig.php on line 37
2025-01-16 17:12:22 - PHP Notice:  Error: Could not load template common/header! in /Applications/XAMPP/xamppfiles/htdocs/conductivex-oc/system/library/template/twig.php on line 37
2025-01-16 17:12:23 - PHP Notice:  Error: Could not load template common/header! in /Applications/XAMPP/xamppfiles/htdocs/conductivex-oc/system/library/template/twig.php on line 37
2025-01-16 17:12:23 - PHP Notice:  Error: Could not load template common/header! in /Applications/XAMPP/xamppfiles/htdocs/conductivex-oc/system/library/template/twig.php on line 37
2025-01-16 17:12:23 - PHP Notice:  Error: Could not load template common/header! in /Applications/XAMPP/xamppfiles/htdocs/conductivex-oc/system/library/template/twig.php on line 37
2025-01-16 17:12:23 - PHP Notice:  Error: Could not load template common/header! in /Applications/XAMPP/xamppfiles/htdocs/conductivex-oc/system/library/template/twig.php on line 37
2025-01-16 17:12:55 - PHP Notice:  Error: Could not load template common/header! in /Applications/XAMPP/xamppfiles/htdocs/conductivex-oc/system/library/template/twig.php on line 37
2025-01-16 17:13:38 - PHP Notice:  Error: Could not load template common/header! in /Applications/XAMPP/xamppfiles/htdocs/conductivex-oc/system/library/template/twig.php on line 37
2025-01-16 17:14:59 - PHP Notice:  Error: Could not load template common/header! in /Applications/XAMPP/xamppfiles/htdocs/conductivex-oc/system/library/template/twig.php on line 37
2025-01-16 17:15:10 - PHP Notice:  Error: Could not load template common/header! in /Applications/XAMPP/xamppfiles/htdocs/conductivex-oc/system/library/template/twig.php on line 37
2025-01-16 17:16:54 - PHP Warning:  fopen(/Applications/XAMPP/xamppfiles/htdocs/conductivex-oc/storage/logs/ocmod.log): Failed to open stream: Permission denied in /Applications/XAMPP/xamppfiles/htdocs/conductivex-oc/system/library/log.php on line 22
2025-01-16 17:18:06 - PHP Warning:  imagepng(/Applications/XAMPP/xamppfiles/htdocs/conductivex-oc/image/cache/no_image-100x100.png): Failed to open stream: Permission denied in /Applications/XAMPP/xamppfiles/htdocs/conductivex-oc/system/library/image.php on line 125
2025-01-16 17:18:06 - PHP Warning:  imagepng(/Applications/XAMPP/xamppfiles/htdocs/conductivex-oc/image/cache/no_image-100x100.png): Failed to open stream: Permission denied in /Applications/XAMPP/xamppfiles/htdocs/conductivex-oc/system/library/image.php on line 125
2025-01-16 17:18:06 - PHP Warning:  imagepng(/Applications/XAMPP/xamppfiles/htdocs/conductivex-oc/image/cache/catalog/opencart-logo-100x100.png): Failed to open stream: No such file or directory in /Applications/XAMPP/xamppfiles/htdocs/conductivex-oc/system/library/image.php on line 125
2025-01-16 17:18:06 - PHP Warning:  imagepng(/Applications/XAMPP/xamppfiles/htdocs/conductivex-oc/image/cache/catalog/cart-100x100.png): Failed to open stream: No such file or directory in /Applications/XAMPP/xamppfiles/htdocs/conductivex-oc/system/library/image.php on line 125
2025-01-19 18:58:27 - PHP Notice:  Error: Could not load template common/header! in /Applications/XAMPP/xamppfiles/htdocs/conductivex-oc/storage/modification/system/library/template/twig.php on line 41
2025-01-19 18:59:18 - PHP Notice:  Error: Could not load template common/header! in /Applications/XAMPP/xamppfiles/htdocs/conductivex-oc/storage/modification/system/library/template/twig.php on line 41
2025-01-19 18:59:20 - PHP Notice:  Error: Could not load template common/header! in /Applications/XAMPP/xamppfiles/htdocs/conductivex-oc/storage/modification/system/library/template/twig.php on line 41
2025-01-19 18:59:31 - PHP Notice:  Error: Could not load template common/header! in /Applications/XAMPP/xamppfiles/htdocs/conductivex-oc/system/library/template/twig.php on line 37
2025-01-19 19:00:53 - PHP Notice:  Error: Could not load template common/header! in /Applications/XAMPP/xamppfiles/htdocs/conductivex-oc/system/library/template/twig.php on line 37
2025-01-19 19:00:53 - PHP Notice:  Error: Could not load template common/header! in /Applications/XAMPP/xamppfiles/htdocs/conductivex-oc/system/library/template/twig.php on line 37
2025-01-19 19:13:21 - PHP Warning:  fopen(/Applications/XAMPP/xamppfiles/htdocs/conductivex-oc/storage/cache/cache.catalog.language.1737317601): Failed to open stream: Permission denied in /Applications/XAMPP/xamppfiles/htdocs/conductivex-oc/system/library/cache/file.php on line 49
2025-01-19 19:14:22 - PHP Warning:  imagepng(/Applications/XAMPP/xamppfiles/htdocs/conductivex-oc/image/cache/no_image-100x100.png): Failed to open stream: Permission denied in /Applications/XAMPP/xamppfiles/htdocs/conductivex-oc/system/library/image.php on line 125
2025-01-19 19:14:22 - PHP Warning:  imagepng(/Applications/XAMPP/xamppfiles/htdocs/conductivex-oc/image/cache/no_image-100x100.png): Failed to open stream: Permission denied in /Applications/XAMPP/xamppfiles/htdocs/conductivex-oc/system/library/image.php on line 125
2025-01-19 19:14:22 - PHP Warning:  imagepng(/Applications/XAMPP/xamppfiles/htdocs/conductivex-oc/image/cache/catalog/opencart-logo-100x100.png): Failed to open stream: No such file or directory in /Applications/XAMPP/xamppfiles/htdocs/conductivex-oc/system/library/image.php on line 125
2025-01-19 19:14:22 - PHP Warning:  imagepng(/Applications/XAMPP/xamppfiles/htdocs/conductivex-oc/image/cache/catalog/cart-100x100.png): Failed to open stream: No such file or directory in /Applications/XAMPP/xamppfiles/htdocs/conductivex-oc/system/library/image.php on line 125
2025-01-19 21:30:23 - PHP Warning:  imagecreatefrompng(): gd-png: libpng warning: iCCP: known incorrect sRGB profile in /Applications/XAMPP/xamppfiles/htdocs/conductivex-oc/system/library/image.php on line 45
2025-01-19 23:14:25 - PHP Warning:  imagecreatefrompng(): gd-png: libpng warning: iCCP: known incorrect sRGB profile in /Applications/XAMPP/xamppfiles/htdocs/conductivex-oc/system/library/image.php on line 45
2025-01-19 23:14:25 - PHP Warning:  imagecreatefrompng(): gd-png: libpng warning: iCCP: known incorrect sRGB profile in /Applications/XAMPP/xamppfiles/htdocs/conductivex-oc/system/library/image.php on line 45
2025-01-19 23:14:25 - PHP Warning:  imagecreatefrompng(): gd-png: libpng warning: iCCP: known incorrect sRGB profile in /Applications/XAMPP/xamppfiles/htdocs/conductivex-oc/system/library/image.php on line 45
2025-01-19 23:14:25 - PHP Warning:  imagecreatefrompng(): gd-png: libpng warning: iCCP: known incorrect sRGB profile in /Applications/XAMPP/xamppfiles/htdocs/conductivex-oc/system/library/image.php on line 45
2025-01-19 23:14:25 - PHP Warning:  imagecreatefrompng(): gd-png: libpng warning: iCCP: known incorrect sRGB profile in /Applications/XAMPP/xamppfiles/htdocs/conductivex-oc/system/library/image.php on line 45
